Determining if the pthread_create exist failed with the following output:
Change Dir: /home/astro-bot/robot_astro/build/CMakeFiles/CMakeTmp

Run Build Command:"/usr/bin/make" "cmTC_3de39/fast"
/usr/bin/make -f CMakeFiles/cmTC_3de39.dir/build.make CMakeFiles/cmTC_3de39.dir/build
make[1]: Entering directory '/home/astro-bot/robot_astro/build/CMakeFiles/CMakeTmp'
Building C object CMakeFiles/cmTC_3de39.dir/CheckSymbolExists.c.o
/usr/bin/cc    -o CMakeFiles/cmTC_3de39.dir/CheckSymbolExists.c.o   -c /home/astro-bot/robot_astro/build/CMakeFiles/CMakeTmp/CheckSymbolExists.c
Linking C executable cmTC_3de39
/usr/bin/cmake -E cmake_link_script CMakeFiles/cmTC_3de39.dir/link.txt --verbose=1
/usr/bin/cc      -rdynamic CMakeFiles/cmTC_3de39.dir/CheckSymbolExists.c.o  -o cmTC_3de39 
CMakeFiles/cmTC_3de39.dir/CheckSymbolExists.c.o: In function `main':
CheckSymbolExists.c:(.text+0x14): undefined reference to `pthread_create'
CheckSymbolExists.c:(.text+0x18): undefined reference to `pthread_create'
collect2: error: ld returned 1 exit status
CMakeFiles/cmTC_3de39.dir/build.make:97: recipe for target 'cmTC_3de39' failed
make[1]: *** [cmTC_3de39] Error 1
make[1]: Leaving directory '/home/astro-bot/robot_astro/build/CMakeFiles/CMakeTmp'
Makefile:126: recipe for target 'cmTC_3de39/fast' failed
make: *** [cmTC_3de39/fast] Error 2

File /home/astro-bot/robot_astro/build/CMakeFiles/CMakeTmp/CheckSymbolExists.c:
/* */
#include <pthread.h>

int main(int argc, char** argv)
{
  (void)argv;
#ifndef pthread_create
  return ((int*)(&pthread_create))[argc];
#else
  (void)argc;
  return 0;
#endif
}

Determining if the function pthread_create exists in the pthreads failed with the following output:
Change Dir: /home/astro-bot/robot_astro/build/CMakeFiles/CMakeTmp

Run Build Command:"/usr/bin/make" "cmTC_88b78/fast"
/usr/bin/make -f CMakeFiles/cmTC_88b78.dir/build.make CMakeFiles/cmTC_88b78.dir/build
make[1]: Entering directory '/home/astro-bot/robot_astro/build/CMakeFiles/CMakeTmp'
Building C object CMakeFiles/cmTC_88b78.dir/CheckFunctionExists.c.o
/usr/bin/cc   -DCHECK_FUNCTION_EXISTS=pthread_create   -o CMakeFiles/cmTC_88b78.dir/CheckFunctionExists.c.o   -c /usr/share/cmake-3.10/Modules/CheckFunctionExists.c
Linking C executable cmTC_88b78
/usr/bin/cmake -E cmake_link_script CMakeFiles/cmTC_88b78.dir/link.txt --verbose=1
/usr/bin/cc  -DCHECK_FUNCTION_EXISTS=pthread_create    -rdynamic CMakeFiles/cmTC_88b78.dir/CheckFunctionExists.c.o  -o cmTC_88b78 -lpthreads 
/usr/bin/ld: cannot find -lpthreads
collect2: error: ld returned 1 exit status
CMakeFiles/cmTC_88b78.dir/build.make:97: recipe for target 'cmTC_88b78' failed
make[1]: *** [cmTC_88b78] Error 1
make[1]: Leaving directory '/home/astro-bot/robot_astro/build/CMakeFiles/CMakeTmp'
Makefile:126: recipe for target 'cmTC_88b78/fast' failed
make: *** [cmTC_88b78/fast] Error 2


