Determining if the pthread_create exist failed with the following output:
Change Dir: /home/astro-bot/astrobot_ws/build/CMakeFiles/CMakeTmp

Run Build Command:"/usr/bin/make" "cmTC_38b9b/fast"
/usr/bin/make -f CMakeFiles/cmTC_38b9b.dir/build.make CMakeFiles/cmTC_38b9b.dir/build
make[1]: Entering directory '/home/astro-bot/astrobot_ws/build/CMakeFiles/CMakeTmp'
Building C object CMakeFiles/cmTC_38b9b.dir/CheckSymbolExists.c.o
/usr/bin/cc    -o CMakeFiles/cmTC_38b9b.dir/CheckSymbolExists.c.o   -c /home/astro-bot/astrobot_ws/build/CMakeFiles/CMakeTmp/CheckSymbolExists.c
Linking C executable cmTC_38b9b
/usr/bin/cmake -E cmake_link_script CMakeFiles/cmTC_38b9b.dir/link.txt --verbose=1
/usr/bin/cc      -rdynamic CMakeFiles/cmTC_38b9b.dir/CheckSymbolExists.c.o  -o cmTC_38b9b 
CMakeFiles/cmTC_38b9b.dir/CheckSymbolExists.c.o: In function `main':
CheckSymbolExists.c:(.text+0x14): undefined reference to `pthread_create'
CheckSymbolExists.c:(.text+0x18): undefined reference to `pthread_create'
collect2: error: ld returned 1 exit status
CMakeFiles/cmTC_38b9b.dir/build.make:97: recipe for target 'cmTC_38b9b' failed
make[1]: *** [cmTC_38b9b] Error 1
make[1]: Leaving directory '/home/astro-bot/astrobot_ws/build/CMakeFiles/CMakeTmp'
Makefile:126: recipe for target 'cmTC_38b9b/fast' failed
make: *** [cmTC_38b9b/fast] Error 2

File /home/astro-bot/astrobot_ws/build/CMakeFiles/CMakeTmp/CheckSymbolExists.c:
/* */
#include <pthread.h>

int main(int argc, char** argv)
{
  (void)argv;
#ifndef pthread_create
  return ((int*)(&pthread_create))[argc];
#else
  (void)argc;
  return 0;
#endif
}

Determining if the function pthread_create exists in the pthreads failed with the following output:
Change Dir: /home/astro-bot/astrobot_ws/build/CMakeFiles/CMakeTmp

Run Build Command:"/usr/bin/make" "cmTC_9241b/fast"
/usr/bin/make -f CMakeFiles/cmTC_9241b.dir/build.make CMakeFiles/cmTC_9241b.dir/build
make[1]: Entering directory '/home/astro-bot/astrobot_ws/build/CMakeFiles/CMakeTmp'
Building C object CMakeFiles/cmTC_9241b.dir/CheckFunctionExists.c.o
/usr/bin/cc   -DCHECK_FUNCTION_EXISTS=pthread_create   -o CMakeFiles/cmTC_9241b.dir/CheckFunctionExists.c.o   -c /usr/share/cmake-3.10/Modules/CheckFunctionExists.c
Linking C executable cmTC_9241b
/usr/bin/cmake -E cmake_link_script CMakeFiles/cmTC_9241b.dir/link.txt --verbose=1
/usr/bin/cc  -DCHECK_FUNCTION_EXISTS=pthread_create    -rdynamic CMakeFiles/cmTC_9241b.dir/CheckFunctionExists.c.o  -o cmTC_9241b -lpthreads 
/usr/bin/ld: cannot find -lpthreads
collect2: error: ld returned 1 exit status
CMakeFiles/cmTC_9241b.dir/build.make:97: recipe for target 'cmTC_9241b' failed
make[1]: *** [cmTC_9241b] Error 1
make[1]: Leaving directory '/home/astro-bot/astrobot_ws/build/CMakeFiles/CMakeTmp'
Makefile:126: recipe for target 'cmTC_9241b/fast' failed
make: *** [cmTC_9241b/fast] Error 2


